{"numTotalTestSuites":8,"numPassedTestSuites":4,"numFailedTestSuites":4,"numPendingTestSuites":0,"numTotalTests":7,"numPassedTests":5,"numFailedTests":2,"numPendingTests":0,"numTodoTests":0,"snapshot":{"added":0,"failure":false,"filesAdded":0,"filesRemoved":0,"filesRemovedList":[],"filesUnmatched":0,"filesUpdated":0,"matched":0,"total":0,"unchecked":0,"uncheckedKeysByFile":[],"unmatched":0,"updated":0,"didUpdate":false},"startTime":1785361166279,"success":false,"testResults":[{"assertionResults":[{"ancestorTitles":["CommentFeed"],"fullName":"CommentFeed renders the existing comments and publishes a new one","status":"passed","title":"renders the existing comments and publishes a new one","duration":1707.6813999999995,"failureMessages":[],"meta":{},"tags":[]}],"startTime":1785361175082,"endTime":1785361176789.6814,"status":"passed","message":"","name":"C:/Users/cuent/OneDrive/Escritorio/RETO 1/reto-winter-2026-ithaka-frontend/src/components/CommentFeed.test.jsx"},{"assertionResults":[{"ancestorTitles":["CohortDetail"],"fullName":"CohortDetail renders the cohort summary and the groups tab content","status":"passed","title":"renders the cohort summary and the groups tab content","duration":568.3197,"failureMessages":[],"meta":{},"tags":[]},{"ancestorTitles":["CohortDetail"],"fullName":"CohortDetail shows expected deliverables when switching to the stages tab","status":"failed","title":"shows expected deliverables when switching to the stages tab","duration":224.3824999999997,"failureMessages":["TestingLibraryElementError: Unable to find an accessible element with the role \"tab\" and name `/etapas del proceso/i`\n\nHere are the accessible roles:\n\n  progressbar:\n\n  Name \"\":\n  \u001b[36m<span\u001b[39m\n    \u001b[33mclass\u001b[39m=\u001b[32m\"MuiCircularProgress-root MuiCircularProgress-indeterminate MuiCircularProgress-colorPrimary css-1wxecgq-MuiCircularProgress-root\"\u001b[39m\n    \u001b[33mrole\u001b[39m=\u001b[32m\"progressbar\"\u001b[39m\n    \u001b[33mstyle\u001b[39m=\u001b[32m\"width: 40px; height: 40px;\"\u001b[39m\n  \u001b[36m/>\u001b[39m\n\n  --------------------------------------------------\n\nIgnored nodes: comments, script, style\n\u001b[36m<body>\u001b[39m\n  \u001b[36m<div>\u001b[39m\n    \u001b[36m<div\u001b[39m\n      \u001b[33mclass\u001b[39m=\u001b[32m\"MuiBox-root css-wg1uo3\"\u001b[39m\n    \u001b[36m>\u001b[39m\n      \u001b[36m<span\u001b[39m\n        \u001b[33mclass\u001b[39m=\u001b[32m\"MuiCircularProgress-root MuiCircularProgress-indeterminate MuiCircularProgress-colorPrimary css-1wxecgq-MuiCircularProgress-root\"\u001b[39m\n        \u001b[33mrole\u001b[39m=\u001b[32m\"progressbar\"\u001b[39m\n        \u001b[33mstyle\u001b[39m=\u001b[32m\"width: 40px; height: 40px;\"\u001b[39m\n      \u001b[36m>\u001b[39m\n        \u001b[36m<svg\u001b[39m\n          \u001b[33mclass\u001b[39m=\u001b[32m\"MuiCircularProgress-svg css-54pwck-MuiCircularProgress-svg\"\u001b[39m\n          \u001b[33mviewBox\u001b[39m=\u001b[32m\"22 22 44 44\"\u001b[39m\n        \u001b[36m>\u001b[39m\n          \u001b[36m<circle\u001b[39m\n            \u001b[33mclass\u001b[39m=\u001b[32m\"MuiCircularProgress-circle MuiCircularProgress-circleIndeterminate css-19t5dcl-MuiCircularProgress-circle\"\u001b[39m\n            \u001b[33mcx\u001b[39m=\u001b[32m\"44\"\u001b[39m\n            \u001b[33mcy\u001b[39m=\u001b[32m\"44\"\u001b[39m\n            \u001b[33mfill\u001b[39m=\u001b[32m\"none\"\u001b[39m\n            \u001b[33mr\u001b[39m=\u001b[32m\"20.2\"\u001b[39m\n            \u001b[33mstroke-width\u001b[39m=\u001b[32m\"3.6\"\u001b[39m\n          \u001b[36m/>\u001b[39m\n        \u001b[36m</svg>\u001b[39m\n      \u001b[36m</span>\u001b[39m\n    \u001b[36m</div>\u001b[39m\n  \u001b[36m</div>\u001b[39m\n\u001b[36m</body>\u001b[39m\n    at Object.getElementError (C:\\Users\\cuent\\OneDrive\\Escritorio\\RETO 1\\reto-winter-2026-ithaka-frontend\\node_modules\\@testing-library\\dom\\dist\\config.js:37:19)\n    at C:\\Users\\cuent\\OneDrive\\Escritorio\\RETO 1\\reto-winter-2026-ithaka-frontend\\node_modules\\@testing-library\\dom\\dist\\query-helpers.js:76:38\n    at C:\\Users\\cuent\\OneDrive\\Escritorio\\RETO 1\\reto-winter-2026-ithaka-frontend\\node_modules\\@testing-library\\dom\\dist\\query-helpers.js:52:17\n    at C:\\Users\\cuent\\OneDrive\\Escritorio\\RETO 1\\reto-winter-2026-ithaka-frontend\\node_modules\\@testing-library\\dom\\dist\\query-helpers.js:95:19\n    at C:/Users/cuent/OneDrive/Escritorio/RETO 1/reto-winter-2026-ithaka-frontend/src/pages/sections/CohortDetail.test.jsx:77:29\n    at file:///C:/Users/cuent/OneDrive/Escritorio/RETO%201/reto-winter-2026-ithaka-frontend/node_modules/@vitest/runner/dist/chunk-artifact.js:302:11\n    at file:///C:/Users/cuent/OneDrive/Escritorio/RETO%201/reto-winter-2026-ithaka-frontend/node_modules/@vitest/runner/dist/chunk-artifact.js:1903:26\n    at file:///C:/Users/cuent/OneDrive/Escritorio/RETO%201/reto-winter-2026-ithaka-frontend/node_modules/@vitest/runner/dist/chunk-artifact.js:2326:20\n    at new Promise (<anonymous>)\n    at runWithCancel (file:///C:/Users/cuent/OneDrive/Escritorio/RETO%201/reto-winter-2026-ithaka-frontend/node_modules/@vitest/runner/dist/chunk-artifact.js:2323:10)"],"meta":{},"tags":[]}],"startTime":1785361175099,"endTime":1785361175891.3826,"status":"failed","message":"","name":"C:/Users/cuent/OneDrive/Escritorio/RETO 1/reto-winter-2026-ithaka-frontend/src/pages/sections/CohortDetail.test.jsx"},{"assertionResults":[{"ancestorTitles":["Deliverables"],"fullName":"Deliverables renders the deliverables list and filters items by search term","status":"passed","title":"renders the deliverables list and filters items by search term","duration":1303.8707000000013,"failureMessages":[],"meta":{},"tags":[]},{"ancestorTitles":["Deliverables"],"fullName":"Deliverables uses the tutor scope when the user is a tutor","status":"passed","title":"uses the tutor scope when the user is a tutor","duration":81.54809999999998,"failureMessages":[],"meta":{},"tags":[]}],"startTime":1785361175102,"endTime":1785361176487.548,"status":"passed","message":"","name":"C:/Users/cuent/OneDrive/Escritorio/RETO 1/reto-winter-2026-ithaka-frontend/src/pages/sections/Deliverables.test.jsx"},{"assertionResults":[{"ancestorTitles":["GroupDetail"],"fullName":"GroupDetail renders meeting hours and the group information","status":"failed","title":"renders meeting hours and the group information","duration":1233.815199999999,"failureMessages":["Error: Found multiple elements with the text: EcoRoute\n\nHere are the matching elements:\n\nIgnored nodes: comments, script, style\n\u001b[36m<p\u001b[39m\n  \u001b[33mclass\u001b[39m=\u001b[32m\"MuiTypography-root MuiTypography-body2 css-1yrr6qh-MuiTypography-root\"\u001b[39m\n\u001b[36m>\u001b[39m\n  \u001b[0mEcoRoute\u001b[0m\n\u001b[36m</p>\u001b[39m\n\nIgnored nodes: comments, script, style\n\u001b[36m<h5\u001b[39m\n  \u001b[33mclass\u001b[39m=\u001b[32m\"MuiTypography-root MuiTypography-h5 css-stnzmu-MuiTypography-root\"\u001b[39m\n\u001b[36m>\u001b[39m\n  \u001b[0mEcoRoute\u001b[0m\n\u001b[36m</h5>\u001b[39m\n\n(If this is intentional, then use the `*AllBy*` variant of the query (like `queryAllByText`, `getAllByText`, or `findAllByText`)).\n\nIgnored nodes: comments, script, style\n\u001b[36m<body>\u001b[39m\n  \u001b[36m<div>\u001b[39m\n    \u001b[36m<div\u001b[39m\n      \u001b[33mclass\u001b[39m=\u001b[32m\"MuiBox-root css-8atqhb\"\u001b[39m\n    \u001b[36m>\u001b[39m\n      \u001b[36m<div\u001b[39m\n        \u001b[33mclass\u001b[39m=\u001b[32m\"MuiBox-root css-1upilqn\"\u001b[39m\n      \u001b[36m>\u001b[39m\n        \u001b[36m<nav\u001b[39m\n          \u001b[33mclass\u001b[39m=\u001b[32m\"MuiTypography-root MuiTypography-body1 MuiBreadcrumbs-root css-lz9l3m-MuiTypography-root-MuiBreadcrumbs-root\"\u001b[39m\n        \u001b[36m>\u001b[39m\n          \u001b[36m<ol\u001b[39m\n            \u001b[33mclass\u001b[39m=\u001b[32m\"MuiBreadcrumbs-ol css-1uwp4ue-MuiBreadcrumbs-ol\"\u001b[39m\n          \u001b[36m>\u001b[39m\n            \u001b[36m<li\u001b[39m\n              \u001b[33mclass\u001b[39m=\u001b[32m\"MuiBreadcrumbs-li\"\u001b[39m\n            \u001b[36m>\u001b[39m\n              \u001b[36m<a\u001b[39m\n                \u001b[33mclass\u001b[39m=\u001b[32m\"MuiTypography-root MuiTypography-body2 MuiLink-root MuiLink-underlineHover css-13ajpgu-MuiTypography-root-MuiLink-root\"\u001b[39m\n                \u001b[33mhref\u001b[39m=\u001b[32m\"/\"\u001b[39m\n              \u001b[36m>\u001b[39m\n                \u001b[0mInicio\u001b[0m\n              \u001b[36m</a>\u001b[39m\n            \u001b[36m</li>\u001b[39m\n            \u001b[36m<li\u001b[39m\n              \u001b[33maria-hidden\u001b[39m=\u001b[32m\"true\"\u001b[39m\n              \u001b[33mclass\u001b[39m=\u001b[32m\"MuiBreadcrumbs-separator css-jhr02i-MuiBreadcrumbs-separator\"\u001b[39m\n            \u001b[36m>\u001b[39m\n              \u001b[36m<svg\u001b[39m\n                \u001b[33maria-hidden\u001b[39m=\u001b[32m\"true\"\u001b[39m\n                \u001b[33mclass\u001b[39m=\u001b[32m\"MuiSvgIcon-root MuiSvgIcon-fontSizeSmall css-120dh41-MuiSvgIcon-root\"\u001b[39m\n                \u001b[33mdata-testid\u001b[39m=\u001b[32m\"NavigateNextIcon\"\u001b[39m\n                \u001b[33mfocusable\u001b[39m=\u001b[32m\"false\"\u001b[39m\n                \u001b[33mviewBox\u001b[39m=\u001b[32m\"0 0 24 24\"\u001b[39m\n              \u001b[36m>\u001b[39m\n                \u001b[36m<path\u001b[39m\n                  \u001b[33md\u001b[39m=\u001b[32m\"M10 6 8.59 7.41 13.17 12l-4.58 4.59L10 18l6-6z\"\u001b[39m\n                \u001b[36m/>\u001b[39m\n              \u001b[36m</svg>\u001b[39m\n            \u001b[36m</li>\u001b[39m\n            \u001b[36m<li\u001b[39m\n              \u001b[33mclass\u001b[39m=\u001b[32m\"MuiBreadcrumbs-li\"\u001b[39m\n            \u001b[36m>\u001b[39m\n              \u001b[36m<a\u001b[39m\n                \u001b[33mclass\u001b[39m=\u001b[32m\"MuiTypography-root MuiTypography-body2 MuiLink-root MuiLink-underlineHover css-13ajpgu-MuiTypography-root-MuiLink-root\"\u001b[39m\n                \u001b[33mhref\u001b[39m=\u001b[32m\"/groups\"\u001b[39m\n              \u001b[36m>\u001b[39m\n                \u001b[0mGrupos\u001b[0m\n              \u001b[36m</a>\u001b[39m\n            \u001b[36m</li>\u001b[39m\n            \u001b[36m<li\u001b[39m\n              \u001b[33maria-hidden\u001b[39m=\u001b[32m\"true\"\u001b[39m\n              \u001b[33mclass\u001b[39m=\u001b[32m\"MuiBreadcrumbs-separator css-jhr02i-MuiBreadcrumbs-separator\"\u001b[39m\n            \u001b[36m>\u001b[39m\n              \u001b[36m<svg\u001b[39m\n                \u001b[33maria-hidden\u001b[39m=\u001b[32m\"true\"\u001b[39m\n                \u001b[33mclass\u001b[39m=\u001b[32m\"MuiSvgIcon-root MuiSvgIcon-fontSizeSmall css-120dh41-MuiSvgIcon-root\"\u001b[39m\n                \u001b[33mdata-testid\u001b[39m=\u001b[32m\"NavigateNextIcon\"\u001b[39m\n                \u001b[33mfocusable\u001b[39m=\u001b[32m\"false\"\u001b[39m\n                \u001b[33mviewBox\u001b[39m=\u001b[32m\"0 0 24 24\"\u001b[39m\n              \u001b[36m>\u001b[39m\n                \u001b[36m<path\u001b[39m\n                  \u001b[33md\u001b[39m=\u001b[32m\"M10 6 8.59 7.41 13.17 12l-4.58 4.59L10 18l6-6z\"\u001b[39m\n                \u001b[36m/>\u001b[39m\n              \u001b[36m</svg>\u001b[39m\n            \u001b[36m</li>\u001b[39m\n            \u001b[36m<li\u001b[39m\n              \u001b[33mclass\u001b[39m=\u001b[32m\"MuiBreadcrumbs-li\"\u001b[39m\n            \u001b[36m>\u001b[39m\n              \u001b[36m<p\u001b[39m\n                \u001b[33mclass\u001b[39m=\u001b[32m\"MuiTypography-root MuiTypography-body2 css-1yrr6qh-MuiTypography-root\"\u001b[39m\n              \u001b[36m>\u001b[39m\n                \u001b[0mEcoRoute\u001b[0m\n              \u001b[36m</p>\u001b[39m\n            \u001b[36m</li>\u001b[39m\n          \u001b[36m</ol>\u001b[39m\n        \u001b[36m</nav>\u001b[39m\n        \u001b[36m<div\u001b[39m\n          \u001b[33mclass\u001b[39m=\u001b[32m\"MuiBox-root css-120nera\"\u001b[39m\n        \u001b[36m>\u001b[39m\n          \u001b[36m<div\u001b[39m\n            \u001b[33mclass\u001b[39m=\u001b[32m\"MuiAvatar-root MuiAvatar-circular MuiAvatar-colorDefault css-8im96f-MuiAvatar-root\"\u001b[39m\n          \u001b[36m>\u001b[39m\n            \u001b[0mE\u001b[0m\n          \u001b[36m</div>\u001b[39m\n          \u001b[36m<h5\u001b[39m\n            \u001b[33mclass\u001b[39m=\u001b[32m\"MuiTypography-root MuiTypography-h5 css-stnzmu-MuiTypography-root\"\u001b[39m\n          \u001b[36m>\u001b[39m\n            \u001b[0mEcoRoute\u001b[0m\n          \u001b[36m</h5>\u001b[39m\n          \u001b[36m<div\u001b[39m\n            \u001b[33mclass\u001b[39m=\u001b[32m\"MuiChip-root MuiChip-filled MuiChip-sizeSmall MuiChip-colorSuccess MuiChip-filledSuccess css-1fiq0pv-MuiChip-root\"\u001b[39m\n          \u001b[36m>\u001b[39m\n            \u001b[36m<span\u001b[39m\n              \u001b[33mclass\u001b[39m=\u001b[32m\"MuiChip-label MuiChip-labelSmall css-eccknh-MuiChip-label\"\u001b[39m\n            \u001b[36m>\u001b[39m\n              \u001b[0mActivo\u001b[0m\n            \u001b[36m</span>\u001b[39m\n          \u001b[36m</div>\u001b[39m\n        \u001b[36m</div>\u001b[39m\n      \u001b[36m</div>\u001b[39m\n      \u001b[36m<div\u001b[39m\n        \u001b[33mclass\u001b[39m=\u001b[32m\"MuiPaper-root MuiPaper-elevation MuiPaper-rounded MuiPaper-elevation1 MuiCard-root css-ciaoxy-MuiPaper-root-MuiCard-root\"\u001b[39m\n        \u001b[33mstyle\u001b[39m=\u001b[32m\"--Paper-shadow: 0px 2px 1px -1px rgba(0,0,0,0.2),0px 1px 1px 0px rgba(0,0,0,0.14),0px 1px 3px 0px rgba(0,0,0,0.12);\"\u001b[39m\n      \u001b[36m>\u001b[39m\n        \u001b[36m<div\u001b[39m\n          \u001b[33mclass\u001b[39m=\u001b[32m\"MuiCardContent-root css-1kwtzye-MuiCardContent-root\"\u001b[39m\n        \u001b[36m>\u001b[39m\n          \u001b[36m<div\u001b[39m\n            \u001b[33mclass\u001b[39m=\u001b[32m\"MuiGrid-root MuiGrid-container MuiGrid-spacing-xs-2 css-11nsb57-MuiGrid-root\"\u001b[39m\n          \u001b[36m>\u001b[39m\n            \u001b[36m<div\u001b[39m\n              \u001b[33mclass\u001b[39m=\u001b[32m\"MuiGrid-root MuiGrid-item MuiGrid-grid-xs-12 MuiGrid-grid-sm-6 MuiGrid-grid-md-3 css-10voxkt-MuiGrid-root\"\u001b[39m\n            \u001b[36m>\u001b[39m\n              \u001b[36m<span\u001b[39m\n                \u001b[33mclass\u001b[39m=\u001b[32m\"MuiTypography-root MuiTypography-caption css-qtckg-MuiTypography-root\"\u001b[39m\n              \u001b[36m>\u001b[39m\n                \u001b[0mCohorte\u001b[0m\n              \u001b[36m</span>\u001b[39m\n              \u001b[36m<p\u001b[39m\n                \u001b[33mclass\u001b[39m=\u001b[32m\"MuiTypography-root MuiTypography-body2 css-1n8v0zg-MuiTypography-root\"\u001b[39m\n              \u001b[36m>\u001b[39m\n                \u001b[0m2026 - 1° semestre\u001b[0m\n              \u001b[36m</p>\u001b[39m\n            \u001b[36m</div>\u001b[39m\n            \u001b[36m<div\u001b[39m\n              \u001b[33mclass\u001b[39m=\u001b[32m\"MuiGrid-root MuiGrid-item MuiGrid-grid-xs-12 MuiGrid-grid-sm-6 MuiGrid-grid-md-3 css-10voxkt-MuiGrid-root\"\u001b[39m\n            \u001b[36m>\u001b[39m\n              \u001b[36m<span\u001b[39m\n                \u001b[33mclass\u001b[39m=\u001b[32m\"MuiTypography-root MuiTypography-caption css-qtckg-MuiTypography-root\"\u001b[39m\n              \u001b[36m>\u001b[39m\n                \u001b[0mCarrera\u001b[0m\n              \u001b[36m</span>\u001b[39m\n              \u001b[36m<p\u001b[39m\n                \u001b[33mclass\u001b[39m=\u001b[32m\"MuiTypography-root MuiTypography-body2 css-1n8v0zg-MuiTypography-root\"\u001b[39m\n              \u001b[36m>\u001b[39m\n                \u001b[0mIngeniería\u001b[0m\n              \u001b[36m</p>\u001b[39m\n            \u001b[36m</div>\u001b[39m\n            \u001b[36m<div\u001b[39m\n              \u001b[33mclass\u001b[39m=\u001b[32m\"MuiGrid-root MuiGrid-item MuiGrid-grid-xs-12 MuiGrid-grid-sm-6 MuiGrid-grid-md-3 css-10voxkt-MuiGrid-root\"\u001b[39m\n            \u001b[36m>\u001b[39m\n              \u001b[36m<span\u001b[39m\n                \u001b[33mclass\u001b[39m=\u001b[32m\"MuiTypography-root MuiTypography-caption css-qtckg-MuiTypography-root\"\u001b[39m\n              \u001b[36m>\u001b[39m\n                \u001b[0mIdea de proyecto\u001b[0m\n           ...\n    at waitForWrapper (C:\\Users\\cuent\\OneDrive\\Escritorio\\RETO 1\\reto-winter-2026-ithaka-frontend\\node_modules\\@testing-library\\dom\\dist\\wait-for.js:163:27)\n    at C:\\Users\\cuent\\OneDrive\\Escritorio\\RETO 1\\reto-winter-2026-ithaka-frontend\\node_modules\\@testing-library\\dom\\dist\\query-helpers.js:86:33\n    at C:/Users/cuent/OneDrive/Escritorio/RETO 1/reto-winter-2026-ithaka-frontend/src/pages/sections/GroupDetail.test.jsx:88:25\n    at file:///C:/Users/cuent/OneDrive/Escritorio/RETO%201/reto-winter-2026-ithaka-frontend/node_modules/@vitest/runner/dist/chunk-artifact.js:302:11\n    at file:///C:/Users/cuent/OneDrive/Escritorio/RETO%201/reto-winter-2026-ithaka-frontend/node_modules/@vitest/runner/dist/chunk-artifact.js:1903:26\n    at file:///C:/Users/cuent/OneDrive/Escritorio/RETO%201/reto-winter-2026-ithaka-frontend/node_modules/@vitest/runner/dist/chunk-artifact.js:2326:20\n    at new Promise (<anonymous>)\n    at runWithCancel (file:///C:/Users/cuent/OneDrive/Escritorio/RETO%201/reto-winter-2026-ithaka-frontend/node_modules/@vitest/runner/dist/chunk-artifact.js:2323:10)\n    at file:///C:/Users/cuent/OneDrive/Escritorio/RETO%201/reto-winter-2026-ithaka-frontend/node_modules/@vitest/runner/dist/chunk-artifact.js:2305:20\n    at new Promise (<anonymous>)"],"meta":{},"tags":[]},{"ancestorTitles":["GroupDetail"],"fullName":"GroupDetail keeps the group visible when loading meeting hours fails","status":"passed","title":"keeps the group visible when loading meeting hours fails","duration":79.5640000000003,"failureMessages":[],"meta":{},"tags":[]}],"startTime":1785361174904,"endTime":1785361176217.564,"status":"failed","message":"","name":"C:/Users/cuent/OneDrive/Escritorio/RETO 1/reto-winter-2026-ithaka-frontend/src/pages/sections/GroupDetail.test.jsx"}]}